<?xml version="1.0" encoding="UTF-8"?>
<!-- Generated by org.testng.reporters.JUnitReportReporter -->
<testsuite hostname="Ashish" failures="0" tests="6" name="testNg.Test1" time="0.026" errors="0" timestamp="2021-12-01T10:22:44 IST" skipped="1">
  <testcase classname="testNg.Test1" name="calls" time="0.015"/>
  <system-out>
    <![CDATA[Calls]]>
  </system-out>
  <testcase classname="testNg.Test1" name="calls" time="0.003"/>
  <system-out>
    <![CDATA[Calls]]>
  </system-out>
  <testcase classname="testNg.Test1" name="calls" time="0.002"/>
  <system-out>
    <![CDATA[Calls]]>
  </system-out>
  <testcase classname="testNg.Test1" name="calls" time="0.003"/>
  <system-out>
    <![CDATA[Calls]]>
  </system-out>
  <testcase classname="testNg.Test1" name="setting" time="0.003"/>
  <system-out>
    <![CDATA[Settings]]>
  </system-out>
  <testcase classname="testNg.Test1" name="VideoCAll">
    <skipped/>
  </testcase> <!-- VideoCAll -->
  <system-out/>
</testsuite> <!-- testNg.Test1 -->
