<?xml version="1.0" encoding="UTF-8"?>
<!-- Generated by org.testng.reporters.JUnitReportReporter -->
<testsuite hostname="Ashish" failures="0" tests="1" name="testNg.Test0" time="0.021" errors="0" timestamp="2021-12-01T09:08:14 IST" skipped="0">
  <testcase classname="testNg.Test0" name="demo" time="0.021"/>
  <system-out>
    <![CDATA[hello Ashis
Hello World]]>
  </system-out>
</testsuite> <!-- testNg.Test0 -->
