<?xml version="1.0" encoding="UTF-8"?>
<!-- Generated by org.testng.reporters.JUnitReportReporter -->
<testsuite hostname="Ashish" failures="0" tests="1" name="testNg.testCase1" time="29.288" errors="0" timestamp="2021-12-02T10:43:51 IST" skipped="0">
  <testcase classname="testNg.testCase1" name="tc2" time="29.288"/>
  <system-out>
    <![CDATA[Problems on Trains - Aptitude Questions and Answers
https://www.indiabix.com/aptitude/problems-on-trains/]]>
  </system-out>
</testsuite> <!-- testNg.testCase1 -->
